{
  "RSpec": {
    "coverage": {
      "/Users/paulgrever/Documents/rails_lessons/projects/its_just_pairing/spec/features/login_spec.rb": [
        1,
        null,
        1,
        1,
        1,
        1,
        1,
        1,
        1,
        null,
        1,
        null,
        null,
        1,
        1,
        1,
        1,
        1,
        1,
        1,
        1,
        null,
        null
      ],
      "/Users/paulgrever/Documents/rails_lessons/projects/its_just_pairing/spec/rails_helper.rb": [
        1,
        1,
        1,
        1,
        1,
        1,
        null,
        null,
        1,
        null,
        1,
        1,
        1,
        null,
        null,
        1,
        1,
        null,
        1,
        1,
        null,
        null,
        1,
        19,
        null,
        null,
        1,
        0,
        null,
        null,
        1,
        19,
        null,
        null,
        1,
        19,
        null,
        null,
        null
      ],
      "/Users/paulgrever/Documents/rails_lessons/projects/its_just_pairing/config/environment.rb": [
        null,
        1,
        null,
        null,
        1
      ],
      "/Users/paulgrever/Documents/rails_lessons/projects/its_just_pairing/config/application.rb": [
        1,
        null,
        1,
        null,
        1,
        1,
        1,
        1,
        1,
        1,
        1,
        null,
        null,
        null,
        null,
        1,
        null,
        1,
        1,
        null,
        null,
        null,
        null,
        null,
        null,
        null,
        null,
        null,
        null,
        null,
        null,
        null,
        1,
        null,
        null
      ],
      "/Users/paulgrever/Documents/rails_lessons/projects/its_just_pairing/config/boot.rb": [
        1,
        null,
        1
      ],
      "/Users/paulgrever/Documents/rails_lessons/projects/its_just_pairing/config/environments/test.rb": [
        1,
        null,
        null,
        null,
        null,
        null,
        null,
        1,
        null,
        null,
        null,
        null,
        1,
        null,
        null,
        1,
        1,
        null,
        null,
        1,
        1,
        null,
        null,
        1,
        null,
        null,
        1,
        null,
        null,
        null,
        null,
        1,
        null,
        null,
        1,
        null,
        null,
        1,
        null,
        null,
        null,
        null
      ],
      "/Users/paulgrever/Documents/rails_lessons/projects/its_just_pairing/config/initializers/assets.rb": [
        null,
        null,
        null,
        1,
        null,
        null,
        null,
        null,
        null,
        null,
        null
      ],
      "/Users/paulgrever/Documents/rails_lessons/projects/its_just_pairing/config/initializers/backtrace_silencers.rb": [
        null,
        null,
        null,
        null,
        null,
        null,
        null
      ],
      "/Users/paulgrever/Documents/rails_lessons/projects/its_just_pairing/config/initializers/cookies_serializer.rb": [
        null,
        null,
        1
      ],
      "/Users/paulgrever/Documents/rails_lessons/projects/its_just_pairing/config/initializers/filter_parameter_logging.rb": [
        null,
        null,
        null,
        1
      ],
      "/Users/paulgrever/Documents/rails_lessons/projects/its_just_pairing/config/initializers/inflections.rb": [
        null,
        null,
        null,
        null,
        null,
        null,
        null,
        null,
        null,
        null,
        null,
        null,
        null,
        null,
        null,
        null
      ],
      "/Users/paulgrever/Documents/rails_lessons/projects/its_just_pairing/config/initializers/mime_types.rb": [
        null,
        null,
        null,
        null
      ],
      "/Users/paulgrever/Documents/rails_lessons/projects/its_just_pairing/config/initializers/omniauth.rb": [
        1,
        1,
        null
      ],
      "/Users/paulgrever/Documents/rails_lessons/projects/its_just_pairing/config/initializers/session_store.rb": [
        null,
        null,
        1
      ],
      "/Users/paulgrever/Documents/rails_lessons/projects/its_just_pairing/config/initializers/wrap_parameters.rb": [
        null,
        null,
        null,
        null,
        null,
        null,
        1,
        1,
        null,
        null,
        null,
        null,
        null,
        null
      ],
      "/Users/paulgrever/Documents/rails_lessons/projects/its_just_pairing/config/routes.rb": [
        1,
        1,
        1,
        1,
        1,
        1,
        null,
        1,
        1,
        1,
        null
      ],
      "/Users/paulgrever/Documents/rails_lessons/projects/its_just_pairing/app/helpers/application_helper.rb": [
        1,
        null
      ],
      "/Users/paulgrever/Documents/rails_lessons/projects/its_just_pairing/app/helpers/languages_helper.rb": [
        1,
        1,
        0,
        0,
        null,
        null,
        null,
        1,
        2,
        1,
        1,
        null,
        null,
        null,
        null
      ],
      "/Users/paulgrever/Documents/rails_lessons/projects/its_just_pairing/app/helpers/matches_helper.rb": [
        1,
        1,
        0,
        0,
        null,
        0,
        null,
        null,
        null,
        1,
        24,
        null,
        null,
        1,
        20,
        2,
        null,
        null,
        null,
        1,
        20,
        20,
        0,
        null,
        null,
        null,
        1,
        20,
        6,
        null,
        14,
        null,
        null,
        null,
        1,
        31,
        2,
        null,
        null,
        null
      ],
      "/Users/paulgrever/Documents/rails_lessons/projects/its_just_pairing/app/helpers/sessions_helper.rb": [
        1,
        1,
        369,
        null,
        null
      ],
      "/Users/paulgrever/Documents/rails_lessons/projects/its_just_pairing/app/helpers/users_helper.rb": [
        1,
        null
      ],
      "/Users/paulgrever/Documents/rails_lessons/projects/its_just_pairing/spec/features/matches_spec.rb": [
        1,
        null,
        1,
        1,
        7,
        null,
        null,
        null,
        null,
        null,
        7,
        null,
        null,
        null,
        null,
        null,
        7,
        7,
        7,
        7,
        null,
        7,
        7,
        7,
        7,
        7,
        7,
        null,
        null,
        1,
        null,
        1,
        1,
        null,
        null,
        1,
        1,
        1,
        1,
        null,
        null,
        1,
        1,
        1,
        null,
        null,
        1,
        1,
        null,
        null,
        null,
        1,
        1,
        1,
        1,
        1,
        1,
        1,
        null,
        null,
        1,
        1,
        null,
        null,
        null,
        1,
        1,
        1,
        1,
        1,
        1,
        1,
        null,
        null,
        1,
        1,
        1,
        1,
        1,
        1,
        1,
        null,
        null,
        1,
        1,
        1,
        1,
        1,
        1,
        1,
        1,
        null,
        null,
        null,
        null
      ],
      "/Users/paulgrever/Documents/rails_lessons/projects/its_just_pairing/spec/features/user_spec.rb": [
        1,
        null,
        1,
        null,
        1,
        1,
        1,
        1,
        1,
        null,
        null,
        1,
        1,
        1,
        1,
        1,
        1,
        1,
        1,
        1,
        null,
        1,
        1,
        1,
        1,
        null,
        null,
        1,
        1,
        1,
        1,
        1,
        1,
        1,
        1,
        1,
        1,
        null,
        null,
        null
      ],
      "/Users/paulgrever/Documents/rails_lessons/projects/its_just_pairing/spec/helpers/login_helper_spec.rb": [
        1,
        12,
        12,
        12,
        null,
        null,
        null,
        null,
        null,
        null,
        null,
        null,
        null,
        null,
        null,
        null,
        null,
        null
      ],
      "/Users/paulgrever/Documents/rails_lessons/projects/its_just_pairing/spec/models/language_spec.rb": [
        1,
        null,
        1,
        1,
        2,
        2,
        null,
        null,
        null,
        2,
        null,
        null,
        null,
        null,
        null,
        1,
        1,
        null,
        null,
        1,
        1,
        null,
        null
      ],
      "/Users/paulgrever/Documents/rails_lessons/projects/its_just_pairing/app/models/language.rb": [
        1,
        1,
        1,
        null
      ],
      "/Users/paulgrever/Documents/rails_lessons/projects/its_just_pairing/spec/models/match_spec.rb": [
        1,
        null,
        1,
        1,
        2,
        null,
        null,
        null,
        2,
        null,
        null,
        null,
        2,
        null,
        null,
        null,
        1,
        1,
        null,
        null,
        1,
        1,
        null,
        null
      ],
      "/Users/paulgrever/Documents/rails_lessons/projects/its_just_pairing/app/models/match.rb": [
        1,
        1,
        null,
        1,
        33,
        21,
        15,
        null,
        null,
        null
      ],
      "/Users/paulgrever/Documents/rails_lessons/projects/its_just_pairing/spec/models/user_spec.rb": [
        1,
        null,
        1,
        1,
        3,
        null,
        null,
        null,
        3,
        3,
        null,
        null,
        1,
        1,
        null,
        null,
        1,
        1,
        1,
        null,
        null,
        1,
        1,
        1,
        null,
        null,
        null
      ],
      "/Users/paulgrever/Documents/rails_lessons/projects/its_just_pairing/app/models/user.rb": [
        1,
        1,
        13,
        13,
        13,
        13,
        13,
        13,
        null,
        null,
        1,
        13,
        null,
        null,
        1,
        1,
        1,
        1,
        null
      ],
      "/Users/paulgrever/Documents/rails_lessons/projects/its_just_pairing/app/controllers/home_controller.rb": [
        1,
        1,
        1,
        null,
        1,
        null,
        null,
        1,
        14,
        14,
        null,
        null,
        1,
        null,
        1,
        14,
        1,
        0,
        null,
        1,
        null,
        null,
        null,
        null
      ],
      "/Users/paulgrever/Documents/rails_lessons/projects/its_just_pairing/app/controllers/application_controller.rb": [
        1,
        null,
        null,
        1,
        1,
        1,
        1,
        1,
        1,
        null,
        1,
        22,
        22,
        2,
        null,
        20,
        20,
        20,
        null,
        null,
        null,
        1,
        1,
        55,
        0,
        null,
        null,
        null
      ],
      "/Users/paulgrever/Documents/rails_lessons/projects/its_just_pairing/app/controllers/sessions_controller.rb": [
        1,
        1,
        1,
        13,
        13,
        13,
        13,
        13,
        1,
        null,
        12,
        null,
        null,
        null,
        1,
        2,
        2,
        2,
        2,
        null,
        null
      ],
      "/Users/paulgrever/Documents/rails_lessons/projects/its_just_pairing/app/controllers/users_controller.rb": [
        1,
        null,
        1,
        15,
        null,
        null,
        1,
        12,
        null,
        null,
        1,
        2,
        2,
        2,
        2,
        null,
        0,
        null,
        null,
        null,
        1,
        null,
        1,
        2,
        null,
        null,
        null,
        null,
        null,
        null,
        null
      ],
      "/Users/paulgrever/Documents/rails_lessons/projects/its_just_pairing/app/models/userlanguage.rb": [
        1,
        1,
        1,
        null
      ],
      "/Users/paulgrever/Documents/rails_lessons/projects/its_just_pairing/app/controllers/matches_controller.rb": [
        1,
        1,
        null,
        1,
        null,
        1,
        8,
        2,
        2,
        1,
        1,
        1,
        null,
        1,
        null,
        null,
        6,
        null,
        null,
        6,
        null,
        8,
        null,
        null,
        1,
        null,
        1,
        8,
        null,
        null
      ]
    },
    "timestamp": 1435166832
  }
}
